<?xml version="1.0" encoding="UTF-8"?>
<!-- Generated by org.testng.reporters.JUnitXMLReporter -->
<testsuite ignored="0" hostname="Anita-15000" failures="0" tests="7" name="Default test" time="0.063" errors="0" timestamp="2021-10-22T09:39:15 IST">
  <testcase classname="TestNGAnnotation.D" name="LeaseDetails" time="0.01"/>
  <testcase classname="TestNGAnnotation.D" name="LoginAdmin" time="0.001"/>
  <testcase classname="TestNGAnnotation.D" name="LoginAdmin" time="0.001"/>
  <testcase classname="TestNGAnnotation.D" name="LoginAdmin" time="0.001"/>
  <testcase classname="TestNGAnnotation.D" name="LoginAdmin" time="0.001"/>
  <testcase classname="TestNGAnnotation.D" name="LoginAdmin" time="0.001"/>
  <testcase classname="TestNGAnnotation.D" name="PaymentDetails" time="0.001"/>
</testsuite> <!-- Default test -->
