<?xml version="1.0" encoding="UTF-8"?>
<testng-results ignored="0" total="7" passed="7" failed="0" skipped="0">
  <reporter-output>
  </reporter-output>
  <suite started-at="2021-10-22T09:39:15 IST" name="Default suite" finished-at="2021-10-22T09:39:15 IST" duration-ms="63">
    <groups>
    </groups>
    <test started-at="2021-10-22T09:39:15 IST" name="Default test" finished-at="2021-10-22T09:39:15 IST" duration-ms="63">
      <class name="TestNGAnnotation.D">
        <test-method signature="LeaseDetails()[pri:0, instance:TestNGAnnotation.D@671a5887]" started-at="2021-10-22T09:39:15 IST" name="LeaseDetails" finished-at="2021-10-22T09:39:15 IST" duration-ms="10" status="PASS">
          <reporter-output>
          </reporter-output>
        </test-method> <!-- LeaseDetails -->
        <test-method signature="LoginAdmin()[pri:0, instance:TestNGAnnotation.D@671a5887]" started-at="2021-10-22T09:39:15 IST" name="LoginAdmin" finished-at="2021-10-22T09:39:15 IST" duration-ms="1" status="PASS">
          <reporter-output>
          </reporter-output>
        </test-method> <!-- LoginAdmin -->
        <test-method signature="LoginAdmin()[pri:0, instance:TestNGAnnotation.D@671a5887]" started-at="2021-10-22T09:39:15 IST" name="LoginAdmin" finished-at="2021-10-22T09:39:15 IST" duration-ms="1" status="PASS">
          <reporter-output>
          </reporter-output>
        </test-method> <!-- LoginAdmin -->
        <test-method signature="LoginAdmin()[pri:0, instance:TestNGAnnotation.D@671a5887]" started-at="2021-10-22T09:39:15 IST" name="LoginAdmin" finished-at="2021-10-22T09:39:15 IST" duration-ms="1" status="PASS">
          <reporter-output>
          </reporter-output>
        </test-method> <!-- LoginAdmin -->
        <test-method signature="LoginAdmin()[pri:0, instance:TestNGAnnotation.D@671a5887]" started-at="2021-10-22T09:39:15 IST" name="LoginAdmin" finished-at="2021-10-22T09:39:15 IST" duration-ms="1" status="PASS">
          <reporter-output>
          </reporter-output>
        </test-method> <!-- LoginAdmin -->
        <test-method signature="LoginAdmin()[pri:0, instance:TestNGAnnotation.D@671a5887]" started-at="2021-10-22T09:39:15 IST" name="LoginAdmin" finished-at="2021-10-22T09:39:15 IST" duration-ms="1" status="PASS">
          <reporter-output>
          </reporter-output>
        </test-method> <!-- LoginAdmin -->
        <test-method signature="PaymentDetails()[pri:0, instance:TestNGAnnotation.D@671a5887]" started-at="2021-10-22T09:39:15 IST" name="PaymentDetails" finished-at="2021-10-22T09:39:15 IST" duration-ms="1" status="PASS">
          <reporter-output>
          </reporter-output>
        </test-method> <!-- PaymentDetails -->
      </class> <!-- TestNGAnnotation.D -->
    </test> <!-- Default test -->
  </suite> <!-- Default suite -->
</testng-results>
