<?xml version="1.0" encoding="UTF-8"?>
<testng-results ignored="0" total="8" passed="8" failed="0" skipped="0">
  <reporter-output>
  </reporter-output>
  <suite started-at="2023-10-29T21:29:55 IST" name="Default suite" finished-at="2023-10-29T21:39:30 IST" duration-ms="574251">
    <groups>
    </groups>
    <test started-at="2023-10-29T21:29:55 IST" name="Default test" finished-at="2023-10-29T21:39:30 IST" duration-ms="574251">
      <class name="Jenkins.Project.Basicproject">
        <test-method signature="luanching()[pri:0, instance:Jenkins.Project.Basicproject@16a0ee18]" started-at="2023-10-29T21:29:55 IST" name="luanching" finished-at="2023-10-29T21:30:22 IST" duration-ms="26487" status="PASS">
          <reporter-output>
          </reporter-output>
        </test-method> <!-- luanching -->
        <test-method signature="luanching()[pri:0, instance:Jenkins.Project.Basicproject@16a0ee18]" started-at="2023-10-29T21:30:22 IST" name="luanching" finished-at="2023-10-29T21:31:12 IST" duration-ms="50401" status="PASS">
          <reporter-output>
          </reporter-output>
        </test-method> <!-- luanching -->
        <test-method signature="luanching()[pri:0, instance:Jenkins.Project.Basicproject@16a0ee18]" started-at="2023-10-29T21:31:12 IST" name="luanching" finished-at="2023-10-29T21:32:11 IST" duration-ms="58917" status="PASS">
          <reporter-output>
          </reporter-output>
        </test-method> <!-- luanching -->
        <test-method signature="luanching()[pri:0, instance:Jenkins.Project.Basicproject@16a0ee18]" started-at="2023-10-29T21:32:11 IST" name="luanching" finished-at="2023-10-29T21:33:23 IST" duration-ms="71900" status="PASS">
          <reporter-output>
          </reporter-output>
        </test-method> <!-- luanching -->
        <test-method signature="luanching()[pri:0, instance:Jenkins.Project.Basicproject@16a0ee18]" started-at="2023-10-29T21:33:23 IST" name="luanching" finished-at="2023-10-29T21:36:39 IST" duration-ms="196013" status="PASS">
          <reporter-output>
          </reporter-output>
        </test-method> <!-- luanching -->
        <test-method signature="luanching()[pri:0, instance:Jenkins.Project.Basicproject@16a0ee18]" started-at="2023-10-29T21:36:39 IST" name="luanching" finished-at="2023-10-29T21:37:43 IST" duration-ms="64055" status="PASS">
          <reporter-output>
          </reporter-output>
        </test-method> <!-- luanching -->
        <test-method signature="luanching()[pri:0, instance:Jenkins.Project.Basicproject@16a0ee18]" started-at="2023-10-29T21:37:43 IST" name="luanching" finished-at="2023-10-29T21:38:29 IST" duration-ms="45746" status="PASS">
          <reporter-output>
          </reporter-output>
        </test-method> <!-- luanching -->
        <test-method signature="luanching2()[pri:0, instance:Jenkins.Project.Basicproject@16a0ee18]" started-at="2023-10-29T21:38:34 IST" name="luanching2" finished-at="2023-10-29T21:39:29 IST" duration-ms="54802" status="PASS">
          <reporter-output>
          </reporter-output>
        </test-method> <!-- luanching2 -->
      </class> <!-- Jenkins.Project.Basicproject -->
    </test> <!-- Default test -->
  </suite> <!-- Default suite -->
</testng-results>
