<?xml version="1.0" encoding="UTF-8"?>
<!-- Generated by org.testng.reporters.JUnitXMLReporter -->
<testsuite ignored="0" hostname="Anita-15000" failures="0" tests="3" name="Test" time="0.056" errors="0" timestamp="2021-10-15T17:25:28 IST">
  <testcase classname="ParallelExecution.TestNGParalledtestingDemo" name="test2" time="0.007"/>
  <testcase classname="ParallelExecution.Anotherchrome" name="ChromeTestMethod" time="0.009"/>
  <testcase classname="ParallelExecution.TestNGParalledtestingDemo" name="test1" time="0.01"/>
</testsuite> <!-- Test -->
