<?xml version="1.0" encoding="UTF-8"?>
<!-- Generated by org.testng.reporters.JUnitXMLReporter -->
<testsuite ignored="0" hostname="Anita-15000" failures="0" tests="8" name="Default test" time="574.251" errors="0" timestamp="2023-10-29T21:39:31 IST">
  <testcase classname="Jenkins.Project.Basicproject" name="luanching" time="26.487"/>
  <testcase classname="Jenkins.Project.Basicproject" name="luanching" time="50.401"/>
  <testcase classname="Jenkins.Project.Basicproject" name="luanching" time="58.917"/>
  <testcase classname="Jenkins.Project.Basicproject" name="luanching" time="71.9"/>
  <testcase classname="Jenkins.Project.Basicproject" name="luanching" time="196.013"/>
  <testcase classname="Jenkins.Project.Basicproject" name="luanching" time="64.055"/>
  <testcase classname="Jenkins.Project.Basicproject" name="luanching" time="45.746"/>
  <testcase classname="Jenkins.Project.Basicproject" name="luanching2" time="54.802"/>
</testsuite> <!-- Default test -->
