<?xml version="1.0" encoding="UTF-8"?>
<!-- Generated by org.testng.reporters.JUnitXMLReporter -->
<testsuite ignored="0" hostname="Anita-15000" failures="0" tests="4" name="Default test" time="0.053" errors="0" timestamp="2021-09-30T19:12:08 IST">
  <testcase classname="A" name="test1" time="0.005"/>
  <testcase classname="A" name="test2" time="0.001"/>
  <testcase classname="A" name="test3" time="0.001"/>
  <testcase classname="A" name="test4" time="0.001"/>
</testsuite> <!-- Default test -->
