<?xml version="1.0" encoding="UTF-8"?>
<testng-results ignored="0" total="4" passed="4" failed="0" skipped="0">
  <reporter-output>
  </reporter-output>
  <suite started-at="2021-09-30T19:12:08 IST" name="Default suite" finished-at="2021-09-30T19:12:08 IST" duration-ms="53">
    <groups>
    </groups>
    <test started-at="2021-09-30T19:12:08 IST" name="Default test" finished-at="2021-09-30T19:12:08 IST" duration-ms="53">
      <class name="A">
        <test-method is-config="true" signature="befortest()[pri:0, instance:A@74455848]" started-at="2021-09-30T19:12:08 IST" name="befortest" finished-at="2021-09-30T19:12:08 IST" duration-ms="7" status="PASS">
          <reporter-output>
          </reporter-output>
        </test-method> <!-- befortest -->
        <test-method is-config="true" signature="beforeClass()[pri:0, instance:A@74455848]" started-at="2021-09-30T19:12:08 IST" name="beforeClass" finished-at="2021-09-30T19:12:08 IST" duration-ms="0" status="PASS">
          <reporter-output>
          </reporter-output>
        </test-method> <!-- beforeClass -->
        <test-method is-config="true" signature="beforeMethodTest2()[pri:0, instance:A@74455848]" started-at="2021-09-30T19:12:08 IST" name="beforeMethodTest2" finished-at="2021-09-30T19:12:08 IST" duration-ms="0" status="PASS">
          <reporter-output>
          </reporter-output>
        </test-method> <!-- beforeMethodTest2 -->
        <test-method signature="test1()[pri:0, instance:A@74455848]" started-at="2021-09-30T19:12:08 IST" name="test1" finished-at="2021-09-30T19:12:08 IST" duration-ms="5" status="PASS">
          <reporter-output>
          </reporter-output>
        </test-method> <!-- test1 -->
        <test-method is-config="true" signature="beforeMetodTest1()[pri:0, instance:A@74455848]" started-at="2021-09-30T19:12:08 IST" name="beforeMetodTest1" finished-at="2021-09-30T19:12:08 IST" duration-ms="0" status="PASS">
          <reporter-output>
          </reporter-output>
        </test-method> <!-- beforeMetodTest1 -->
        <test-method is-config="true" signature="beforeMethodTest2()[pri:0, instance:A@74455848]" started-at="2021-09-30T19:12:08 IST" name="beforeMethodTest2" finished-at="2021-09-30T19:12:08 IST" duration-ms="1" status="PASS">
          <reporter-output>
          </reporter-output>
        </test-method> <!-- beforeMethodTest2 -->
        <test-method signature="test2()[pri:0, instance:A@74455848]" started-at="2021-09-30T19:12:08 IST" name="test2" finished-at="2021-09-30T19:12:08 IST" duration-ms="1" status="PASS">
          <reporter-output>
          </reporter-output>
        </test-method> <!-- test2 -->
        <test-method is-config="true" signature="beforeMetodTest1()[pri:0, instance:A@74455848]" started-at="2021-09-30T19:12:08 IST" name="beforeMetodTest1" finished-at="2021-09-30T19:12:08 IST" duration-ms="0" status="PASS">
          <reporter-output>
          </reporter-output>
        </test-method> <!-- beforeMetodTest1 -->
        <test-method is-config="true" signature="beforeMethodTest2()[pri:0, instance:A@74455848]" started-at="2021-09-30T19:12:08 IST" name="beforeMethodTest2" finished-at="2021-09-30T19:12:08 IST" duration-ms="0" status="PASS">
          <reporter-output>
          </reporter-output>
        </test-method> <!-- beforeMethodTest2 -->
        <test-method is-config="true" signature="beforeMetodTest1()[pri:0, instance:A@74455848]" started-at="2021-09-30T19:12:08 IST" name="beforeMetodTest1" finished-at="2021-09-30T19:12:08 IST" duration-ms="0" status="PASS">
          <reporter-output>
          </reporter-output>
        </test-method> <!-- beforeMetodTest1 -->
        <test-method signature="test3()[pri:0, instance:A@74455848]" started-at="2021-09-30T19:12:08 IST" name="test3" finished-at="2021-09-30T19:12:08 IST" duration-ms="1" status="PASS">
          <reporter-output>
          </reporter-output>
        </test-method> <!-- test3 -->
        <test-method is-config="true" signature="beforeMethodTest2()[pri:0, instance:A@74455848]" started-at="2021-09-30T19:12:08 IST" name="beforeMethodTest2" finished-at="2021-09-30T19:12:08 IST" duration-ms="1" status="PASS">
          <reporter-output>
          </reporter-output>
        </test-method> <!-- beforeMethodTest2 -->
        <test-method is-config="true" signature="beforeMetodTest1()[pri:0, instance:A@74455848]" started-at="2021-09-30T19:12:08 IST" name="beforeMetodTest1" finished-at="2021-09-30T19:12:08 IST" duration-ms="0" status="PASS">
          <reporter-output>
          </reporter-output>
        </test-method> <!-- beforeMetodTest1 -->
        <test-method signature="test4()[pri:0, instance:A@74455848]" started-at="2021-09-30T19:12:08 IST" name="test4" finished-at="2021-09-30T19:12:08 IST" duration-ms="1" status="PASS">
          <reporter-output>
          </reporter-output>
        </test-method> <!-- test4 -->
      </class> <!-- A -->
    </test> <!-- Default test -->
  </suite> <!-- Default suite -->
</testng-results>
