<?xml version="1.0" encoding="UTF-8"?>
<!-- Generated by org.testng.reporters.JUnitXMLReporter -->
<testsuite ignored="0" hostname="Anita-15000" failures="0" tests="8" name="Test" time="297.598" errors="0" timestamp="2023-10-29T21:20:53 IST">
  <testcase classname="Jenkins.Project.Basicproject" name="luanching2" time="26.963"/>
  <testcase classname="Jenkins.Project.Basicproject" name="luanching" time="27.068"/>
  <testcase classname="Jenkins.Project.Basicproject" name="luanching" time="24.725"/>
  <testcase classname="Jenkins.Project.Basicproject" name="luanching" time="19.91"/>
  <testcase classname="Jenkins.Project.Basicproject" name="luanching" time="19.341"/>
  <testcase classname="Jenkins.Project.Basicproject" name="luanching" time="76.229"/>
  <testcase classname="Jenkins.Project.Basicproject" name="luanching" time="39.45"/>
  <testcase classname="Jenkins.Project.Basicproject" name="luanching" time="90.704"/>
</testsuite> <!-- Test -->
