# JRE version: Java(TM) SE Runtime Environment 18.9 (11.0.12+8) (build 11.0.12+8-LTS-237)
# Java VM: Java HotSpot(TM) 64-Bit Server VM 18.9 (11.0.12+8-LTS-237, mixed mode, tiered, compressed oops, g1 gc, windows-amd64)
Heap:
 garbage-first heap   total 129024K, used 30449K [0x0000000083a00000, 0x0000000100000000)
  region size 1024K, 21 young (21504K), 2 survivors (2048K)
 Metaspace       used 27025K, capacity 27724K, committed 27776K, reserved 1073152K
  class space    used 2908K, capacity 3181K, committed 3200K, reserved 1048576K
GC Heap History (6 events):
Event: 4.283 GC heap before
{Heap before GC invocations=0 (full 0):
 garbage-first heap   total 129024K, used 25600K [0x0000000083a00000, 0x0000000100000000)
  region size 1024K, 24 young (24576K), 0 survivors (0K)
 Metaspace       used 13994K, capacity 14285K, committed 14336K, reserved 1062912K
  class space    used 1399K, capacity 1491K, committed 1536K, reserved 1048576K
}
Event: 4.292 GC heap after
{Heap after GC invocations=1 (full 0):
 garbage-first heap   total 129024K, used 5734K [0x0000000083a00000, 0x0000000100000000)
  region size 1024K, 3 young (3072K), 3 survivors (3072K)
 Metaspace       used 13994K, capacity 14285K, committed 14336K, reserved 1062912K
  class space    used 1399K, capacity 1491K, committed 1536K, reserved 1048576K
}
Event: 5.834 GC heap before
{Heap before GC invocations=1 (full 0):
 garbage-first heap   total 129024K, used 41574K [0x0000000083a00000, 0x0000000100000000)
  region size 1024K, 39 young (39936K), 3 survivors (3072K)
 Metaspace       used 20754K, capacity 21122K, committed 21248K, reserved 1069056K
  class space    used 2139K, capacity 2298K, committed 2304K, reserved 1048576K
}
Event: 5.845 GC heap after
{Heap after GC invocations=2 (full 0):
 garbage-first heap   total 129024K, used 10274K [0x0000000083a00000, 0x0000000100000000)
  region size 1024K, 8 young (8192K), 8 survivors (8192K)
 Metaspace       used 20754K, capacity 21122K, committed 21248K, reserved 1069056K
  class space    used 2139K, capacity 2298K, committed 2304K, reserved 1048576K
}
Event: 212.740 GC heap before
{Heap before GC invocations=3 (full 0):
 garbage-first heap   total 129024K, used 46114K [0x0000000083a00000, 0x0000000100000000)
  region size 1024K, 43 young (44032K), 8 survivors (8192K)
 Metaspace       used 26325K, capacity 26970K, committed 27264K, reserved 1073152K
  class space    used 2856K, capacity 3126K, committed 3200K, reserved 1048576K
}
Event: 213.239 GC heap after
{Heap after GC invocations=4 (full 0):
 garbage-first heap   total 129024K, used 12017K [0x0000000083a00000, 0x0000000100000000)
  region size 1024K, 2 young (2048K), 2 survivors (2048K)
 Metaspace       used 26325K, capacity 26970K, committed 27264K, reserved 1073152K
  class space    used 2856K, capacity 3126K, committed 3200K, reserved 1048576K
}

